{"total": {"lines":{"total":627,"covered":499,"skipped":0,"pct":79.58},"statements":{"total":627,"covered":499,"skipped":0,"pct":79.58},"functions":{"total":16,"covered":12,"skipped":0,"pct":75},"branches":{"total":42,"covered":29,"skipped":0,"pct":69.04},"branchesTrue":{"total":0,"covered":0,"skipped":0,"pct":100}}
,"/workspace/app/src/presenters/dummy/DummyPresenter.ts": {"lines":{"total":51,"covered":23,"skipped":0,"pct":45.09},"functions":{"total":2,"covered":1,"skipped":0,"pct":50},"statements":{"total":51,"covered":23,"skipped":0,"pct":45.09},"branches":{"total":1,"covered":1,"skipped":0,"pct":100}}
,"/workspace/app/src/presenters/receptions/ReceptionsPresenter.ts": {"lines":{"total":513,"covered":428,"skipped":0,"pct":83.43},"functions":{"total":10,"covered":8,"skipped":0,"pct":80},"statements":{"total":513,"covered":428,"skipped":0,"pct":83.43},"branches":{"total":38,"covered":25,"skipped":0,"pct":65.78}}
,"/workspace/app/src/presenters/system/NotFoundPresenter.ts": {"lines":{"total":41,"covered":26,"skipped":0,"pct":63.41},"functions":{"total":2,"covered":1,"skipped":0,"pct":50},"statements":{"total":41,"covered":26,"skipped":0,"pct":63.41},"branches":{"total":1,"covered":1,"skipped":0,"pct":100}}
,"/workspace/app/src/presenters/system/StatusPresenter.ts": {"lines":{"total":22,"covered":22,"skipped":0,"pct":100},"functions":{"total":2,"covered":2,"skipped":0,"pct":100},"statements":{"total":22,"covered":22,"skipped":0,"pct":100},"branches":{"total":2,"covered":2,"skipped":0,"pct":100}}
}
