{"total": {"lines":{"total":631,"covered":484,"skipped":0,"pct":76.7},"statements":{"total":631,"covered":484,"skipped":0,"pct":76.7},"functions":{"total":16,"covered":12,"skipped":0,"pct":75},"branches":{"total":30,"covered":14,"skipped":0,"pct":46.66},"branchesTrue":{"total":0,"covered":0,"skipped":0,"pct":100}}
,"/Users/shoaibsabir/Desktop/dj36-vn-store-display-bff/app/src/presenters/dummy/DummyPresenter.ts": {"lines":{"total":51,"covered":23,"skipped":0,"pct":45.09},"functions":{"total":2,"covered":1,"skipped":0,"pct":50},"statements":{"total":51,"covered":23,"skipped":0,"pct":45.09},"branches":{"total":1,"covered":1,"skipped":0,"pct":100}}
,"/Users/shoaibsabir/Desktop/dj36-vn-store-display-bff/app/src/presenters/receptions/ReceptionsPresenter.ts": {"lines":{"total":517,"covered":413,"skipped":0,"pct":79.88},"functions":{"total":10,"covered":8,"skipped":0,"pct":80},"statements":{"total":517,"covered":413,"skipped":0,"pct":79.88},"branches":{"total":26,"covered":10,"skipped":0,"pct":38.46}}
,"/Users/shoaibsabir/Desktop/dj36-vn-store-display-bff/app/src/presenters/system/NotFoundPresenter.ts": {"lines":{"total":41,"covered":26,"skipped":0,"pct":63.41},"functions":{"total":2,"covered":1,"skipped":0,"pct":50},"statements":{"total":41,"covered":26,"skipped":0,"pct":63.41},"branches":{"total":1,"covered":1,"skipped":0,"pct":100}}
,"/Users/shoaibsabir/Desktop/dj36-vn-store-display-bff/app/src/presenters/system/StatusPresenter.ts": {"lines":{"total":22,"covered":22,"skipped":0,"pct":100},"functions":{"total":2,"covered":2,"skipped":0,"pct":100},"statements":{"total":22,"covered":22,"skipped":0,"pct":100},"branches":{"total":2,"covered":2,"skipped":0,"pct":100}}
}
